Using pre-set license
Built from '2021.1/release' branch; Version is '2021.1.1f1 (6fdc41dfa55a) revision 7330881'; Using compiler version '192528614'; Build Type 'Release'
OS: 'Windows 10 Home; OS build 18363.1379; Version 1909; 64bit' Language: 'en' Physical Memory: 16332 MB
BatchMode: 1, IsHumanControllingUs: 0, StartBugReporterOnCrash: 0, Is64bit: 1, IsPro: 0

 COMMAND LINE ARGUMENTS:
C:\Program Files\Unity\Hub\Editor\2021.1.1f1\Editor\Unity.exe
-adb2
-batchMode
-noUpm
-name
AssetImportWorker0
-projectPath
C:/Users/Master/Documents/GitHub/FinalExam/FinalExamSpring2021
-logFile
Logs/AssetImportWorker0.log
-srvPort
55969
Successfully changed project path to: C:/Users/Master/Documents/GitHub/FinalExam/FinalExamSpring2021
C:/Users/Master/Documents/GitHub/FinalExam/FinalExamSpring2021
Using Asset Import Pipeline V2.
Refreshing native plugins compatible for Editor in 92.04 ms, found 0 plugins.
Preloading 0 native plugins for Editor in 0.00 ms.
Initialize engine version: 2021.1.1f1 (6fdc41dfa55a)
[Subsystems] Discovering subsystems at path C:/Program Files/Unity/Hub/Editor/2021.1.1f1/Editor/Data/Resources/UnitySubsystems
[Subsystems] Discovering subsystems at path C:/Users/Master/Documents/GitHub/FinalExam/FinalExamSpring2021/Assets
GfxDevice: creating device client; threaded=0; jobified=0
Direct3D:
    Version:  Direct3D 11.0 [level 11.1]
    Renderer: AMD Radeon (TM) R9 390 Series (ID=0x67b1)
    Vendor:   ATI
    VRAM:     8168 MB
    Driver:   27.20.14501.28009
Initialize mono
Mono path[0] = 'C:/Program Files/Unity/Hub/Editor/2021.1.1f1/Editor/Data/Managed'
Mono path[1] = 'C:/Program Files/Unity/Hub/Editor/2021.1.1f1/Editor/Data/MonoBleedingEdge/lib/mono/unityjit'
Mono config path = 'C:/Program Files/Unity/Hub/Editor/2021.1.1f1/Editor/Data/MonoBleedingEdge/etc'
Using monoOptions --debugger-agent=transport=dt_socket,embedding=1,server=y,suspend=n,address=127.0.0.1:56300
Begin MonoManager ReloadAssembly
Registering precompiled unity dll's ...
Register platform support module: C:/Program Files/Unity/Hub/Editor/2021.1.1f1/Editor/Data/PlaybackEngines/WindowsStandaloneSupport/UnityEditor.WindowsStandalone.Extensions.dll
Registered in 0.003452 seconds.
Native extension for WindowsStandalone target not found
Refreshing native plugins compatible for Editor in 74.02 ms, found 0 plugins.
Preloading 0 native plugins for Editor in 0.00 ms.
Mono: successfully reloaded assembly
- Completed reload, in  2.053 seconds
Platform modules already initialized, skipping
Registering precompiled user dll's ...
Registered in 0.007646 seconds.
Begin MonoManager ReloadAssembly
Native extension for WindowsStandalone target not found
Refreshing native plugins compatible for Editor in 0.96 ms, found 0 plugins.
Preloading 0 native plugins for Editor in 0.00 ms.
Mono: successfully reloaded assembly
- Completed reload, in  2.000 seconds
Platform modules already initialized, skipping
========================================================================
Worker process is ready to serve import requests
Launched and connected shader compiler UnityShaderCompiler.exe after 0.06 seconds
Refreshing native plugins compatible for Editor in 0.80 ms, found 0 plugins.
Preloading 0 native plugins for Editor in 0.00 ms.
Unloading 1785 Unused Serialized files (Serialized files now loaded: 0)
System memory in use before: 77.4 MB.
System memory in use after: 77.5 MB.

Unloading 46 unused Assets to reduce memory usage. Loaded Objects now: 2215.
Total: 9.538300 ms (FindLiveObjects: 0.330600 ms CreateObjectMapping: 0.092100 ms MarkObjects: 8.997700 ms  DeleteObjects: 0.115900 ms)

========================================================================
Received Import Request.
  path: Assets/music.mp3
  artifactKey: Guid(c75d91fcffe0c0542932872096662475) Importer(815301076,1909f56bfc062723c751e8b465ee728b)
Start importing Assets/music.mp3 using Guid(c75d91fcffe0c0542932872096662475) Importer(815301076,1909f56bfc062723c751e8b465ee728b)  -> (artifact id: 'b0d0dde7286ded8e4f8b773611daac79') in 0.208082 seconds 
========================================================================
Received Import Request.
  Time since last request: 58.544438 seconds.
  path: Assets/1Intro.unity
  artifactKey: Guid(5390a8ae3d74591408abbcc8ae4d0af4) Importer(815301076,1909f56bfc062723c751e8b465ee728b)
Start importing Assets/1Intro.unity using Guid(5390a8ae3d74591408abbcc8ae4d0af4) Importer(815301076,1909f56bfc062723c751e8b465ee728b)  -> (artifact id: '33c1f013d1a66a3a2186a4621013e89e') in 0.014809 seconds 
========================================================================
Received Prepare
Registering precompiled user dll's ...
Registered in 0.007940 seconds.
Begin MonoManager ReloadAssembly
Native extension for WindowsStandalone target not found
Refreshing native plugins compatible for Editor in 0.94 ms, found 0 plugins.
Preloading 0 native plugins for Editor in 0.00 ms.
Mono: successfully reloaded assembly
- Completed reload, in  1.536 seconds
Platform modules already initialized, skipping
Refreshing native plugins compatible for Editor in 0.89 ms, found 0 plugins.
Preloading 0 native plugins for Editor in 0.00 ms.
Unloading 1780 Unused Serialized files (Serialized files now loaded: 0)
System memory in use before: 81.1 MB.
System memory in use after: 81.2 MB.

Unloading 37 unused Assets to reduce memory usage. Loaded Objects now: 2228.
Total: 7.884700 ms (FindLiveObjects: 0.307900 ms CreateObjectMapping: 0.092400 ms MarkObjects: 7.451800 ms  DeleteObjects: 0.031300 ms)

========================================================================
Received Import Request.
  Time since last request: 152.995744 seconds.
  path: Assets/Menu.cs
  artifactKey: Guid(c338f27e0f325714e9fe9b047e205149) Importer(815301076,1909f56bfc062723c751e8b465ee728b)
Start importing Assets/Menu.cs using Guid(c338f27e0f325714e9fe9b047e205149) Importer(815301076,1909f56bfc062723c751e8b465ee728b)  -> (artifact id: 'dadf7d37ee7452b8813bd0b458266b85') in 0.037273 seconds 
========================================================================
Received Prepare
Registering precompiled user dll's ...
Registered in 0.007294 seconds.
Begin MonoManager ReloadAssembly
Native extension for WindowsStandalone target not found
Refreshing native plugins compatible for Editor in 1.33 ms, found 0 plugins.
Preloading 0 native plugins for Editor in 0.00 ms.
Mono: successfully reloaded assembly
- Completed reload, in  1.667 seconds
Platform modules already initialized, skipping
Refreshing native plugins compatible for Editor in 0.93 ms, found 0 plugins.
Preloading 0 native plugins for Editor in 0.00 ms.
Unloading 1780 Unused Serialized files (Serialized files now loaded: 0)
System memory in use before: 81.1 MB.
System memory in use after: 81.3 MB.

Unloading 37 unused Assets to reduce memory usage. Loaded Objects now: 2231.
Total: 8.080100 ms (FindLiveObjects: 0.405500 ms CreateObjectMapping: 0.097900 ms MarkObjects: 7.522000 ms  DeleteObjects: 0.051600 ms)

========================================================================
Received Import Request.
  Time since last request: 121.839136 seconds.
  path: Assets/2Game.unity
  artifactKey: Guid(874a25ec5e0b45744b0017713fe84d50) Importer(815301076,1909f56bfc062723c751e8b465ee728b)
Start importing Assets/2Game.unity using Guid(874a25ec5e0b45744b0017713fe84d50) Importer(815301076,1909f56bfc062723c751e8b465ee728b)  -> (artifact id: '8ed21d275597b08a3e4dbe1ef059dcb9') in 0.037352 seconds 
========================================================================
Received Prepare
Registering precompiled user dll's ...
Registered in 0.007066 seconds.
Begin MonoManager ReloadAssembly
Native extension for WindowsStandalone target not found
Refreshing native plugins compatible for Editor in 0.83 ms, found 0 plugins.
Preloading 0 native plugins for Editor in 0.00 ms.
Mono: successfully reloaded assembly
- Completed reload, in  1.522 seconds
Platform modules already initialized, skipping
Refreshing native plugins compatible for Editor in 0.80 ms, found 0 plugins.
Preloading 0 native plugins for Editor in 0.00 ms.
Unloading 1780 Unused Serialized files (Serialized files now loaded: 0)
System memory in use before: 81.2 MB.
System memory in use after: 81.3 MB.

Unloading 37 unused Assets to reduce memory usage. Loaded Objects now: 2234.
Total: 8.139100 ms (FindLiveObjects: 0.297500 ms CreateObjectMapping: 0.088500 ms MarkObjects: 7.721500 ms  DeleteObjects: 0.030100 ms)

========================================================================
Received Import Request.
  Time since last request: 103.051164 seconds.
  path: Assets/3Exit.unity
  artifactKey: Guid(5bd32db14a249fb4895c9deb4c5fc9c1) Importer(815301076,1909f56bfc062723c751e8b465ee728b)
Start importing Assets/3Exit.unity using Guid(5bd32db14a249fb4895c9deb4c5fc9c1) Importer(815301076,1909f56bfc062723c751e8b465ee728b)  -> (artifact id: '92cbda0af1b6b2d0ab8e1efe0aa4cf6c') in 0.032556 seconds 
========================================================================
Received Import Request.
  Time since last request: 87.207154 seconds.
  path: Assets/End.cs
  artifactKey: Guid(9531cfcb321f4e049a5597ad4e9b68f4) Importer(815301076,1909f56bfc062723c751e8b465ee728b)
Start importing Assets/End.cs using Guid(9531cfcb321f4e049a5597ad4e9b68f4) Importer(815301076,1909f56bfc062723c751e8b465ee728b)  -> (artifact id: '7643250891b6bdf68bb6014074eaa673') in 0.012902 seconds 
========================================================================
Received Prepare
Registering precompiled user dll's ...
Registered in 0.008897 seconds.
Begin MonoManager ReloadAssembly
Native extension for WindowsStandalone target not found
Refreshing native plugins compatible for Editor in 0.88 ms, found 0 plugins.
Preloading 0 native plugins for Editor in 0.00 ms.
Mono: successfully reloaded assembly
- Completed reload, in  1.560 seconds
Platform modules already initialized, skipping
Refreshing native plugins compatible for Editor in 0.94 ms, found 0 plugins.
Preloading 0 native plugins for Editor in 0.00 ms.
Unloading 1781 Unused Serialized files (Serialized files now loaded: 0)
System memory in use before: 81.2 MB.
System memory in use after: 81.3 MB.

Unloading 37 unused Assets to reduce memory usage. Loaded Objects now: 2238.
Total: 7.849200 ms (FindLiveObjects: 0.303700 ms CreateObjectMapping: 0.086200 ms MarkObjects: 7.402600 ms  DeleteObjects: 0.055100 ms)

========================================================================
Received Import Request.
  Time since last request: 62.919308 seconds.
  path: Assets/End.cs
  artifactKey: Guid(9531cfcb321f4e049a5597ad4e9b68f4) Importer(815301076,1909f56bfc062723c751e8b465ee728b)
Start importing Assets/End.cs using Guid(9531cfcb321f4e049a5597ad4e9b68f4) Importer(815301076,1909f56bfc062723c751e8b465ee728b)  -> (artifact id: '1a83844b1e4d86c869bd100c1018e7c3') in 0.012939 seconds 
========================================================================
Received Prepare
Registering precompiled user dll's ...
Registered in 0.007641 seconds.
Begin MonoManager ReloadAssembly
Native extension for WindowsStandalone target not found
Refreshing native plugins compatible for Editor in 1.03 ms, found 0 plugins.
Preloading 0 native plugins for Editor in 0.00 ms.
Mono: successfully reloaded assembly
- Completed reload, in  1.561 seconds
Platform modules already initialized, skipping
Refreshing native plugins compatible for Editor in 1.04 ms, found 0 plugins.
Preloading 0 native plugins for Editor in 0.00 ms.
Unloading 1781 Unused Serialized files (Serialized files now loaded: 0)
System memory in use before: 81.2 MB.
System memory in use after: 81.3 MB.

Unloading 37 unused Assets to reduce memory usage. Loaded Objects now: 2241.
Total: 8.711400 ms (FindLiveObjects: 0.351300 ms CreateObjectMapping: 0.096100 ms MarkObjects: 8.223600 ms  DeleteObjects: 0.038200 ms)

========================================================================
Received Prepare
Registering precompiled user dll's ...
Registered in 0.008557 seconds.
Begin MonoManager ReloadAssembly
Native extension for WindowsStandalone target not found
Refreshing native plugins compatible for Editor in 0.90 ms, found 0 plugins.
Preloading 0 native plugins for Editor in 0.00 ms.
Mono: successfully reloaded assembly
- Completed reload, in  1.578 seconds
Platform modules already initialized, skipping
Refreshing native plugins compatible for Editor in 0.81 ms, found 0 plugins.
Preloading 0 native plugins for Editor in 0.00 ms.
Unloading 1781 Unused Serialized files (Serialized files now loaded: 0)
System memory in use before: 81.2 MB.
System memory in use after: 81.3 MB.

Unloading 37 unused Assets to reduce memory usage. Loaded Objects now: 2244.
Total: 7.706600 ms (FindLiveObjects: 0.311400 ms CreateObjectMapping: 0.085900 ms MarkObjects: 7.278900 ms  DeleteObjects: 0.028600 ms)

========================================================================
Received Import Request.
  Time since last request: 342.519992 seconds.
  path: Assets/2Game.unity
  artifactKey: Guid(874a25ec5e0b45744b0017713fe84d50) Importer(815301076,1909f56bfc062723c751e8b465ee728b)
Start importing Assets/2Game.unity using Guid(874a25ec5e0b45744b0017713fe84d50) Importer(815301076,1909f56bfc062723c751e8b465ee728b)  -> (artifact id: '347f95b364c11ec8f314138a099ded57') in 0.025070 seconds 
========================================================================
Received Import Request.
  Time since last request: 27.647977 seconds.
  path: Assets/Pause.prefab
  artifactKey: Guid(844175d2b0df95c4f83a4f0862a3d87c) Importer(815301076,1909f56bfc062723c751e8b465ee728b)
Start importing Assets/Pause.prefab using Guid(844175d2b0df95c4f83a4f0862a3d87c) Importer(815301076,1909f56bfc062723c751e8b465ee728b)  -> (artifact id: 'a40431944aac0305f1721d8ba9399267') in 0.065287 seconds 
========================================================================
Received Import Request.
  Time since last request: 2.774137 seconds.
  path: Assets/Pause 1.prefab
  artifactKey: Guid(7a0a771143e08ea41bdab2a7eff139c1) Importer(815301076,1909f56bfc062723c751e8b465ee728b)
Start importing Assets/Pause 1.prefab using Guid(7a0a771143e08ea41bdab2a7eff139c1) Importer(815301076,1909f56bfc062723c751e8b465ee728b)  -> (artifact id: '9a5902f6dcd231b8f5568d6e4fd91e84') in 0.018020 seconds 
========================================================================
Received Prepare
Registering precompiled user dll's ...
Registered in 0.007586 seconds.
Begin MonoManager ReloadAssembly
Native extension for WindowsStandalone target not found
Refreshing native plugins compatible for Editor in 0.86 ms, found 0 plugins.
Preloading 0 native plugins for Editor in 0.00 ms.
Mono: successfully reloaded assembly
- Completed reload, in  1.618 seconds
Platform modules already initialized, skipping
Refreshing native plugins compatible for Editor in 0.85 ms, found 0 plugins.
Preloading 0 native plugins for Editor in 0.00 ms.
Unloading 1782 Unused Serialized files (Serialized files now loaded: 0)
System memory in use before: 81.3 MB.
System memory in use after: 81.5 MB.

Unloading 38 unused Assets to reduce memory usage. Loaded Objects now: 2250.
Total: 7.761400 ms (FindLiveObjects: 0.290400 ms CreateObjectMapping: 0.085800 ms MarkObjects: 7.338900 ms  DeleteObjects: 0.044900 ms)

========================================================================
Received Prepare
Registering precompiled user dll's ...
Registered in 0.007192 seconds.
Begin MonoManager ReloadAssembly
Native extension for WindowsStandalone target not found
Refreshing native plugins compatible for Editor in 0.88 ms, found 0 plugins.
Preloading 0 native plugins for Editor in 0.00 ms.
Mono: successfully reloaded assembly
- Completed reload, in  1.728 seconds
Platform modules already initialized, skipping
Refreshing native plugins compatible for Editor in 0.85 ms, found 0 plugins.
Preloading 0 native plugins for Editor in 0.00 ms.
Unloading 1782 Unused Serialized files (Serialized files now loaded: 0)
System memory in use before: 81.4 MB.
System memory in use after: 81.5 MB.

Unloading 37 unused Assets to reduce memory usage. Loaded Objects now: 2253.
Total: 11.117900 ms (FindLiveObjects: 0.376900 ms CreateObjectMapping: 0.123800 ms MarkObjects: 10.507600 ms  DeleteObjects: 0.104700 ms)

========================================================================
Received Prepare
Registering precompiled user dll's ...
Registered in 0.009003 seconds.
Begin MonoManager ReloadAssembly
Native extension for WindowsStandalone target not found
Refreshing native plugins compatible for Editor in 0.88 ms, found 0 plugins.
Preloading 0 native plugins for Editor in 0.00 ms.
Mono: successfully reloaded assembly
- Completed reload, in  1.655 seconds
Platform modules already initialized, skipping
Refreshing native plugins compatible for Editor in 1.00 ms, found 0 plugins.
Preloading 0 native plugins for Editor in 0.00 ms.
Unloading 1782 Unused Serialized files (Serialized files now loaded: 0)
System memory in use before: 81.4 MB.
System memory in use after: 81.5 MB.

Unloading 37 unused Assets to reduce memory usage. Loaded Objects now: 2256.
Total: 10.494600 ms (FindLiveObjects: 0.590100 ms CreateObjectMapping: 0.208800 ms MarkObjects: 9.654900 ms  DeleteObjects: 0.038900 ms)

========================================================================
Received Import Request.
  Time since last request: 302.482159 seconds.
  path: Assets/Pause_Menu.cs
  artifactKey: Guid(3701c691dec39e94495478df81bf537c) Importer(815301076,1909f56bfc062723c751e8b465ee728b)
Start importing Assets/Pause_Menu.cs using Guid(3701c691dec39e94495478df81bf537c) Importer(815301076,1909f56bfc062723c751e8b465ee728b)  -> (artifact id: '127e179a49eec8738d0d92eee1cd6af1') in 0.018987 seconds 
========================================================================
Received Prepare
Registering precompiled user dll's ...
Registered in 0.008950 seconds.
Begin MonoManager ReloadAssembly
Native extension for WindowsStandalone target not found
Refreshing native plugins compatible for Editor in 1.05 ms, found 0 plugins.
Preloading 0 native plugins for Editor in 0.00 ms.
Mono: successfully reloaded assembly
- Completed reload, in  1.706 seconds
Platform modules already initialized, skipping
Refreshing native plugins compatible for Editor in 1.05 ms, found 0 plugins.
Preloading 0 native plugins for Editor in 0.00 ms.
Unloading 1782 Unused Serialized files (Serialized files now loaded: 0)
System memory in use before: 81.4 MB.
System memory in use after: 81.5 MB.

Unloading 37 unused Assets to reduce memory usage. Loaded Objects now: 2259.
Total: 9.482500 ms (FindLiveObjects: 0.336400 ms CreateObjectMapping: 0.098400 ms MarkObjects: 9.008100 ms  DeleteObjects: 0.037900 ms)

========================================================================
Received Prepare
Registering precompiled user dll's ...
Registered in 0.007632 seconds.
Begin MonoManager ReloadAssembly
Native extension for WindowsStandalone target not found
Refreshing native plugins compatible for Editor in 1.10 ms, found 0 plugins.
Preloading 0 native plugins for Editor in 0.00 ms.
Mono: successfully reloaded assembly
- Completed reload, in  1.668 seconds
Platform modules already initialized, skipping
Refreshing native plugins compatible for Editor in 0.84 ms, found 0 plugins.
Preloading 0 native plugins for Editor in 0.00 ms.
Unloading 1782 Unused Serialized files (Serialized files now loaded: 0)
System memory in use before: 81.4 MB.
System memory in use after: 81.5 MB.

Unloading 37 unused Assets to reduce memory usage. Loaded Objects now: 2262.
Total: 7.666700 ms (FindLiveObjects: 0.283600 ms CreateObjectMapping: 0.087100 ms MarkObjects: 7.264500 ms  DeleteObjects: 0.030000 ms)

========================================================================
Received Prepare
Registering precompiled user dll's ...
Registered in 0.007273 seconds.
Begin MonoManager ReloadAssembly
Native extension for WindowsStandalone target not found
Refreshing native plugins compatible for Editor in 0.85 ms, found 0 plugins.
Preloading 0 native plugins for Editor in 0.00 ms.
Mono: successfully reloaded assembly
- Completed reload, in  1.535 seconds
Platform modules already initialized, skipping
Refreshing native plugins compatible for Editor in 0.85 ms, found 0 plugins.
Preloading 0 native plugins for Editor in 0.00 ms.
Unloading 1782 Unused Serialized files (Serialized files now loaded: 0)
System memory in use before: 81.4 MB.
System memory in use after: 81.5 MB.

Unloading 37 unused Assets to reduce memory usage. Loaded Objects now: 2265.
Total: 8.210800 ms (FindLiveObjects: 0.295500 ms CreateObjectMapping: 0.088200 ms MarkObjects: 7.793900 ms  DeleteObjects: 0.031400 ms)

========================================================================
Received Prepare
Registering precompiled user dll's ...
Registered in 0.007279 seconds.
Begin MonoManager ReloadAssembly
Native extension for WindowsStandalone target not found
Refreshing native plugins compatible for Editor in 0.86 ms, found 0 plugins.
Preloading 0 native plugins for Editor in 0.00 ms.
Mono: successfully reloaded assembly
- Completed reload, in  1.567 seconds
Platform modules already initialized, skipping
Refreshing native plugins compatible for Editor in 0.86 ms, found 0 plugins.
Preloading 0 native plugins for Editor in 0.00 ms.
Unloading 1782 Unused Serialized files (Serialized files now loaded: 0)
System memory in use before: 81.4 MB.
System memory in use after: 81.5 MB.

Unloading 37 unused Assets to reduce memory usage. Loaded Objects now: 2268.
Total: 8.072000 ms (FindLiveObjects: 0.289500 ms CreateObjectMapping: 0.087400 ms MarkObjects: 7.661500 ms  DeleteObjects: 0.032100 ms)

========================================================================
Received Prepare
Registering precompiled user dll's ...
Registered in 0.007621 seconds.
Begin MonoManager ReloadAssembly
Native extension for WindowsStandalone target not found
Refreshing native plugins compatible for Editor in 0.85 ms, found 0 plugins.
Preloading 0 native plugins for Editor in 0.00 ms.
Mono: successfully reloaded assembly
- Completed reload, in  1.555 seconds
Platform modules already initialized, skipping
Refreshing native plugins compatible for Editor in 0.78 ms, found 0 plugins.
Preloading 0 native plugins for Editor in 0.00 ms.
Unloading 1782 Unused Serialized files (Serialized files now loaded: 0)
System memory in use before: 81.4 MB.
System memory in use after: 81.5 MB.

Unloading 37 unused Assets to reduce memory usage. Loaded Objects now: 2271.
Total: 7.949200 ms (FindLiveObjects: 0.279700 ms CreateObjectMapping: 0.084300 ms MarkObjects: 7.549300 ms  DeleteObjects: 0.034100 ms)

========================================================================
Received Import Request.
  Time since last request: 96.981584 seconds.
  path: Assets/2Game.unity
  artifactKey: Guid(874a25ec5e0b45744b0017713fe84d50) Importer(815301076,1909f56bfc062723c751e8b465ee728b)
Start importing Assets/2Game.unity using Guid(874a25ec5e0b45744b0017713fe84d50) Importer(815301076,1909f56bfc062723c751e8b465ee728b)  -> (artifact id: 'dc8b3b9a20127eb163afab99b3fbe045') in 0.033685 seconds 
========================================================================
Received Import Request.
  Time since last request: 3.534266 seconds.
  path: Assets/1IntroSettings.lighting
  artifactKey: Guid(578fc498d364eef4698c01d68ecadb52) Importer(815301076,1909f56bfc062723c751e8b465ee728b)
Start importing Assets/1IntroSettings.lighting using Guid(578fc498d364eef4698c01d68ecadb52) Importer(815301076,1909f56bfc062723c751e8b465ee728b)  -> (artifact id: '1f7f52e26cf5b162b43c5bf0b16b189f') in 0.018799 seconds 
========================================================================
Received Prepare
Registering precompiled user dll's ...
Registered in 0.007010 seconds.
Begin MonoManager ReloadAssembly
Native extension for WindowsStandalone target not found
Refreshing native plugins compatible for Editor in 0.85 ms, found 0 plugins.
Preloading 0 native plugins for Editor in 0.00 ms.
Mono: successfully reloaded assembly
- Completed reload, in  1.565 seconds
Platform modules already initialized, skipping
Refreshing native plugins compatible for Editor in 0.73 ms, found 0 plugins.
Preloading 0 native plugins for Editor in 0.00 ms.
Unloading 1783 Unused Serialized files (Serialized files now loaded: 0)
System memory in use before: 81.4 MB.
System memory in use after: 81.5 MB.

Unloading 37 unused Assets to reduce memory usage. Loaded Objects now: 2275.
Total: 7.922800 ms (FindLiveObjects: 0.305700 ms CreateObjectMapping: 0.088500 ms MarkObjects: 7.492800 ms  DeleteObjects: 0.033700 ms)

========================================================================
Received Prepare
Registering precompiled user dll's ...
Registered in 0.008869 seconds.
Begin MonoManager ReloadAssembly
Native extension for WindowsStandalone target not found
Refreshing native plugins compatible for Editor in 0.90 ms, found 0 plugins.
Preloading 0 native plugins for Editor in 0.00 ms.
Mono: successfully reloaded assembly
- Completed reload, in  1.504 seconds
Platform modules already initialized, skipping
Refreshing native plugins compatible for Editor in 1.04 ms, found 0 plugins.
Preloading 0 native plugins for Editor in 0.00 ms.
Unloading 1783 Unused Serialized files (Serialized files now loaded: 0)
System memory in use before: 81.4 MB.
System memory in use after: 81.5 MB.

Unloading 37 unused Assets to reduce memory usage. Loaded Objects now: 2278.
Total: 7.659700 ms (FindLiveObjects: 0.269500 ms CreateObjectMapping: 0.094000 ms MarkObjects: 7.261900 ms  DeleteObjects: 0.033000 ms)

========================================================================
Received Import Request.
  Time since last request: 352.634178 seconds.
  path: Assets/Points.cs
  artifactKey: Guid(784d895e88400104fa8a2c797a90eca7) Importer(815301076,1909f56bfc062723c751e8b465ee728b)
Start importing Assets/Points.cs using Guid(784d895e88400104fa8a2c797a90eca7) Importer(815301076,1909f56bfc062723c751e8b465ee728b)  -> (artifact id: 'a65ba88f1c60510146e110a35894f181') in 0.014325 seconds 
========================================================================
Received Prepare
Registering precompiled user dll's ...
Registered in 0.007234 seconds.
Begin MonoManager ReloadAssembly
Native extension for WindowsStandalone target not found
Refreshing native plugins compatible for Editor in 0.94 ms, found 0 plugins.
Preloading 0 native plugins for Editor in 0.00 ms.
Mono: successfully reloaded assembly
- Completed reload, in  1.567 seconds
Platform modules already initialized, skipping
Refreshing native plugins compatible for Editor in 0.92 ms, found 0 plugins.
Preloading 0 native plugins for Editor in 0.00 ms.
Unloading 1783 Unused Serialized files (Serialized files now loaded: 0)
System memory in use before: 81.4 MB.
System memory in use after: 81.6 MB.

Unloading 37 unused Assets to reduce memory usage. Loaded Objects now: 2281.
Total: 8.207700 ms (FindLiveObjects: 0.509300 ms CreateObjectMapping: 0.088900 ms MarkObjects: 7.562500 ms  DeleteObjects: 0.040200 ms)

========================================================================
Received Prepare
Registering precompiled user dll's ...
Registered in 0.008442 seconds.
Begin MonoManager ReloadAssembly
Native extension for WindowsStandalone target not found
Refreshing native plugins compatible for Editor in 0.85 ms, found 0 plugins.
Preloading 0 native plugins for Editor in 0.00 ms.
Mono: successfully reloaded assembly
- Completed reload, in  1.515 seconds
Platform modules already initialized, skipping
Refreshing native plugins compatible for Editor in 0.86 ms, found 0 plugins.
Preloading 0 native plugins for Editor in 0.00 ms.
Unloading 1783 Unused Serialized files (Serialized files now loaded: 0)
System memory in use before: 81.4 MB.
System memory in use after: 81.6 MB.

Unloading 37 unused Assets to reduce memory usage. Loaded Objects now: 2284.
Total: 7.864000 ms (FindLiveObjects: 0.308600 ms CreateObjectMapping: 0.087400 ms MarkObjects: 7.433400 ms  DeleteObjects: 0.032400 ms)

========================================================================
Received Prepare
Registering precompiled user dll's ...
Registered in 0.007287 seconds.
Begin MonoManager ReloadAssembly
Native extension for WindowsStandalone target not found
Refreshing native plugins compatible for Editor in 0.87 ms, found 0 plugins.
Preloading 0 native plugins for Editor in 0.00 ms.
Mono: successfully reloaded assembly
- Completed reload, in  1.705 seconds
Platform modules already initialized, skipping
Refreshing native plugins compatible for Editor in 0.87 ms, found 0 plugins.
Preloading 0 native plugins for Editor in 0.00 ms.
Unloading 1783 Unused Serialized files (Serialized files now loaded: 0)
System memory in use before: 81.5 MB.
System memory in use after: 81.6 MB.

Unloading 37 unused Assets to reduce memory usage. Loaded Objects now: 2287.
Total: 8.528300 ms (FindLiveObjects: 0.328200 ms CreateObjectMapping: 0.103600 ms MarkObjects: 8.059400 ms  DeleteObjects: 0.035200 ms)

========================================================================
Received Prepare
Registering precompiled user dll's ...
Registered in 0.008489 seconds.
Begin MonoManager ReloadAssembly
Native extension for WindowsStandalone target not found
Refreshing native plugins compatible for Editor in 0.93 ms, found 0 plugins.
Preloading 0 native plugins for Editor in 0.00 ms.
Mono: successfully reloaded assembly
- Completed reload, in  1.514 seconds
Platform modules already initialized, skipping
Refreshing native plugins compatible for Editor in 0.80 ms, found 0 plugins.
Preloading 0 native plugins for Editor in 0.00 ms.
Unloading 1783 Unused Serialized files (Serialized files now loaded: 0)
System memory in use before: 81.5 MB.
System memory in use after: 81.6 MB.

Unloading 37 unused Assets to reduce memory usage. Loaded Objects now: 2290.
Total: 7.637700 ms (FindLiveObjects: 0.286700 ms CreateObjectMapping: 0.088800 ms MarkObjects: 7.228200 ms  DeleteObjects: 0.031600 ms)

========================================================================
Received Prepare
Registering precompiled user dll's ...
Registered in 0.008750 seconds.
Begin MonoManager ReloadAssembly
Native extension for WindowsStandalone target not found
Refreshing native plugins compatible for Editor in 0.87 ms, found 0 plugins.
Preloading 0 native plugins for Editor in 0.00 ms.
Mono: successfully reloaded assembly
- Completed reload, in  1.503 seconds
Platform modules already initialized, skipping
Refreshing native plugins compatible for Editor in 0.80 ms, found 0 plugins.
Preloading 0 native plugins for Editor in 0.00 ms.
Unloading 1783 Unused Serialized files (Serialized files now loaded: 0)
System memory in use before: 81.5 MB.
System memory in use after: 81.6 MB.

Unloading 37 unused Assets to reduce memory usage. Loaded Objects now: 2293.
Total: 8.764600 ms (FindLiveObjects: 0.314000 ms CreateObjectMapping: 0.085100 ms MarkObjects: 8.332500 ms  DeleteObjects: 0.031600 ms)

========================================================================
Received Prepare
Registering precompiled user dll's ...
Registered in 0.010244 seconds.
Begin MonoManager ReloadAssembly
Native extension for WindowsStandalone target not found
Refreshing native plugins compatible for Editor in 0.93 ms, found 0 plugins.
Preloading 0 native plugins for Editor in 0.00 ms.
Mono: successfully reloaded assembly
- Completed reload, in  1.603 seconds
Platform modules already initialized, skipping
Refreshing native plugins compatible for Editor in 0.87 ms, found 0 plugins.
Preloading 0 native plugins for Editor in 0.00 ms.
Unloading 1783 Unused Serialized files (Serialized files now loaded: 0)
System memory in use before: 81.5 MB.
System memory in use after: 81.6 MB.

Unloading 37 unused Assets to reduce memory usage. Loaded Objects now: 2296.
Total: 8.353300 ms (FindLiveObjects: 0.457700 ms CreateObjectMapping: 0.088500 ms MarkObjects: 7.762000 ms  DeleteObjects: 0.041300 ms)

========================================================================
Received Prepare
Registering precompiled user dll's ...
Registered in 0.008342 seconds.
Begin MonoManager ReloadAssembly
Native extension for WindowsStandalone target not found
Refreshing native plugins compatible for Editor in 1.23 ms, found 0 plugins.
Preloading 0 native plugins for Editor in 0.00 ms.
Mono: successfully reloaded assembly
- Completed reload, in  1.551 seconds
Platform modules already initialized, skipping
Refreshing native plugins compatible for Editor in 0.78 ms, found 0 plugins.
Preloading 0 native plugins for Editor in 0.00 ms.
Unloading 1784 Unused Serialized files (Serialized files now loaded: 0)
System memory in use before: 81.5 MB.
System memory in use after: 81.6 MB.

Unloading 37 unused Assets to reduce memory usage. Loaded Objects now: 2300.
Total: 7.325100 ms (FindLiveObjects: 0.272400 ms CreateObjectMapping: 0.087700 ms MarkObjects: 6.934700 ms  DeleteObjects: 0.028800 ms)

========================================================================
Received Import Request.
  Time since last request: 1285.705207 seconds.
  path: Assets/Lives.cs
  artifactKey: Guid(9f97fffaf0c0a5946a45e7ee7772b596) Importer(815301076,1909f56bfc062723c751e8b465ee728b)
Start importing Assets/Lives.cs using Guid(9f97fffaf0c0a5946a45e7ee7772b596) Importer(815301076,1909f56bfc062723c751e8b465ee728b)  -> (artifact id: '3b56c732326db52c55a89788adfd567b') in 0.013480 seconds 
========================================================================
Received Prepare
Registering precompiled user dll's ...
Registered in 0.008160 seconds.
Begin MonoManager ReloadAssembly
Native extension for WindowsStandalone target not found
Refreshing native plugins compatible for Editor in 0.85 ms, found 0 plugins.
Preloading 0 native plugins for Editor in 0.00 ms.
Mono: successfully reloaded assembly
- Completed reload, in  1.547 seconds
Platform modules already initialized, skipping
Refreshing native plugins compatible for Editor in 1.03 ms, found 0 plugins.
Preloading 0 native plugins for Editor in 0.00 ms.
Unloading 1784 Unused Serialized files (Serialized files now loaded: 0)
System memory in use before: 81.5 MB.
System memory in use after: 81.6 MB.

Unloading 37 unused Assets to reduce memory usage. Loaded Objects now: 2303.
Total: 8.277800 ms (FindLiveObjects: 0.304500 ms CreateObjectMapping: 0.087900 ms MarkObjects: 7.850600 ms  DeleteObjects: 0.032800 ms)

========================================================================
Received Import Request.
  Time since last request: 229.351555 seconds.
  path: Assets/1Intro.unity
  artifactKey: Guid(5390a8ae3d74591408abbcc8ae4d0af4) Importer(815301076,1909f56bfc062723c751e8b465ee728b)
Start importing Assets/1Intro.unity using Guid(5390a8ae3d74591408abbcc8ae4d0af4) Importer(815301076,1909f56bfc062723c751e8b465ee728b)  -> (artifact id: 'db1dfc22ac0418a861eb84c79314b439') in 0.032496 seconds 
========================================================================
Received Prepare
Registering precompiled user dll's ...
Registered in 0.007782 seconds.
Begin MonoManager ReloadAssembly
Native extension for WindowsStandalone target not found
Refreshing native plugins compatible for Editor in 0.88 ms, found 0 plugins.
Preloading 0 native plugins for Editor in 0.00 ms.
Mono: successfully reloaded assembly
- Completed reload, in  1.625 seconds
Platform modules already initialized, skipping
Refreshing native plugins compatible for Editor in 0.85 ms, found 0 plugins.
Preloading 0 native plugins for Editor in 0.00 ms.
Unloading 1784 Unused Serialized files (Serialized files now loaded: 0)
System memory in use before: 81.5 MB.
System memory in use after: 81.6 MB.

Unloading 37 unused Assets to reduce memory usage. Loaded Objects now: 2306.
Total: 7.999000 ms (FindLiveObjects: 0.357400 ms CreateObjectMapping: 0.096700 ms MarkObjects: 7.512400 ms  DeleteObjects: 0.030800 ms)

========================================================================
Received Prepare
Registering precompiled user dll's ...
Registered in 0.006936 seconds.
Begin MonoManager ReloadAssembly
Native extension for WindowsStandalone target not found
Refreshing native plugins compatible for Editor in 0.84 ms, found 0 plugins.
Preloading 0 native plugins for Editor in 0.00 ms.
Mono: successfully reloaded assembly
- Completed reload, in  1.586 seconds
Platform modules already initialized, skipping
Refreshing native plugins compatible for Editor in 0.83 ms, found 0 plugins.
Preloading 0 native plugins for Editor in 0.00 ms.
Unloading 1784 Unused Serialized files (Serialized files now loaded: 0)
System memory in use before: 81.5 MB.
System memory in use after: 81.6 MB.

Unloading 37 unused Assets to reduce memory usage. Loaded Objects now: 2309.
Total: 8.607300 ms (FindLiveObjects: 0.321800 ms CreateObjectMapping: 0.096700 ms MarkObjects: 8.146100 ms  DeleteObjects: 0.040800 ms)

========================================================================
Received Prepare
Registering precompiled user dll's ...
Registered in 0.007751 seconds.
Begin MonoManager ReloadAssembly
Native extension for WindowsStandalone target not found
Refreshing native plugins compatible for Editor in 0.87 ms, found 0 plugins.
Preloading 0 native plugins for Editor in 0.00 ms.
Mono: successfully reloaded assembly
- Completed reload, in  1.527 seconds
Platform modules already initialized, skipping
Refreshing native plugins compatible for Editor in 0.79 ms, found 0 plugins.
Preloading 0 native plugins for Editor in 0.00 ms.
Unloading 1784 Unused Serialized files (Serialized files now loaded: 0)
System memory in use before: 81.5 MB.
System memory in use after: 81.6 MB.

Unloading 37 unused Assets to reduce memory usage. Loaded Objects now: 2312.
Total: 9.938000 ms (FindLiveObjects: 0.291200 ms CreateObjectMapping: 0.088500 ms MarkObjects: 9.522000 ms  DeleteObjects: 0.034500 ms)

========================================================================
Received Prepare
Registering precompiled user dll's ...
Registered in 0.007018 seconds.
Begin MonoManager ReloadAssembly
Native extension for WindowsStandalone target not found
Refreshing native plugins compatible for Editor in 1.66 ms, found 0 plugins.
Preloading 0 native plugins for Editor in 0.00 ms.
Mono: successfully reloaded assembly
- Completed reload, in  1.533 seconds
Platform modules already initialized, skipping
Refreshing native plugins compatible for Editor in 0.82 ms, found 0 plugins.
Preloading 0 native plugins for Editor in 0.00 ms.
Unloading 1784 Unused Serialized files (Serialized files now loaded: 0)
System memory in use before: 81.5 MB.
System memory in use after: 81.6 MB.

Unloading 37 unused Assets to reduce memory usage. Loaded Objects now: 2315.
Total: 7.801000 ms (FindLiveObjects: 0.287600 ms CreateObjectMapping: 0.086300 ms MarkObjects: 7.395000 ms  DeleteObjects: 0.030300 ms)

========================================================================
Received Import Request.
  Time since last request: 405.538250 seconds.
  path: Assets/2Game.unity
  artifactKey: Guid(874a25ec5e0b45744b0017713fe84d50) Importer(815301076,1909f56bfc062723c751e8b465ee728b)
Start importing Assets/2Game.unity using Guid(874a25ec5e0b45744b0017713fe84d50) Importer(815301076,1909f56bfc062723c751e8b465ee728b)  -> (artifact id: '01f50de21ec7d7245ee854e75d041934') in 0.025894 seconds 
========================================================================
Received Prepare
Registering precompiled user dll's ...
Registered in 0.007845 seconds.
Begin MonoManager ReloadAssembly
Native extension for WindowsStandalone target not found
Refreshing native plugins compatible for Editor in 0.84 ms, found 0 plugins.
Preloading 0 native plugins for Editor in 0.00 ms.
Mono: successfully reloaded assembly
- Completed reload, in  1.543 seconds
Platform modules already initialized, skipping
Refreshing native plugins compatible for Editor in 0.77 ms, found 0 plugins.
Preloading 0 native plugins for Editor in 0.00 ms.
Unloading 1784 Unused Serialized files (Serialized files now loaded: 0)
System memory in use before: 81.5 MB.
System memory in use after: 81.7 MB.

Unloading 37 unused Assets to reduce memory usage. Loaded Objects now: 2318.
Total: 8.078200 ms (FindLiveObjects: 0.289400 ms CreateObjectMapping: 0.087600 ms MarkObjects: 7.665500 ms  DeleteObjects: 0.034400 ms)

========================================================================
Received Prepare
Registering precompiled user dll's ...
Registered in 0.008024 seconds.
Begin MonoManager ReloadAssembly
Native extension for WindowsStandalone target not found
Refreshing native plugins compatible for Editor in 1.24 ms, found 0 plugins.
Preloading 0 native plugins for Editor in 0.00 ms.
Mono: successfully reloaded assembly
- Completed reload, in  1.626 seconds
Platform modules already initialized, skipping
Refreshing native plugins compatible for Editor in 0.85 ms, found 0 plugins.
Preloading 0 native plugins for Editor in 0.00 ms.
Unloading 1784 Unused Serialized files (Serialized files now loaded: 0)
System memory in use before: 81.6 MB.
System memory in use after: 81.7 MB.

Unloading 37 unused Assets to reduce memory usage. Loaded Objects now: 2321.
Total: 8.942000 ms (FindLiveObjects: 0.537800 ms CreateObjectMapping: 0.093700 ms MarkObjects: 8.232400 ms  DeleteObjects: 0.073400 ms)

========================================================================
Received Prepare
Registering precompiled user dll's ...
Registered in 0.007309 seconds.
Begin MonoManager ReloadAssembly
Native extension for WindowsStandalone target not found
Refreshing native plugins compatible for Editor in 0.87 ms, found 0 plugins.
Preloading 0 native plugins for Editor in 0.00 ms.
Mono: successfully reloaded assembly
- Completed reload, in  1.507 seconds
Platform modules already initialized, skipping
Refreshing native plugins compatible for Editor in 0.93 ms, found 0 plugins.
Preloading 0 native plugins for Editor in 0.00 ms.
Unloading 1784 Unused Serialized files (Serialized files now loaded: 0)
System memory in use before: 81.6 MB.
System memory in use after: 81.7 MB.

Unloading 37 unused Assets to reduce memory usage. Loaded Objects now: 2324.
Total: 7.618100 ms (FindLiveObjects: 0.283400 ms CreateObjectMapping: 0.089800 ms MarkObjects: 7.190700 ms  DeleteObjects: 0.052500 ms)

========================================================================
Received Prepare
Registering precompiled user dll's ...
Registered in 0.007129 seconds.
Begin MonoManager ReloadAssembly
Native extension for WindowsStandalone target not found
Refreshing native plugins compatible for Editor in 0.84 ms, found 0 plugins.
Preloading 0 native plugins for Editor in 0.00 ms.
Mono: successfully reloaded assembly
- Completed reload, in  1.504 seconds
Platform modules already initialized, skipping
Refreshing native plugins compatible for Editor in 0.83 ms, found 0 plugins.
Preloading 0 native plugins for Editor in 0.00 ms.
Unloading 1784 Unused Serialized files (Serialized files now loaded: 0)
System memory in use before: 81.6 MB.
System memory in use after: 81.7 MB.

Unloading 37 unused Assets to reduce memory usage. Loaded Objects now: 2327.
Total: 8.655600 ms (FindLiveObjects: 0.312100 ms CreateObjectMapping: 0.089300 ms MarkObjects: 8.222300 ms  DeleteObjects: 0.030300 ms)

========================================================================
Received Import Request.
  Time since last request: 930.888290 seconds.
  path: Assets/MuteToggle.cs
  artifactKey: Guid(910b4bd27112b7c49a51861422fff66a) Importer(815301076,1909f56bfc062723c751e8b465ee728b)
Start importing Assets/MuteToggle.cs using Guid(910b4bd27112b7c49a51861422fff66a) Importer(815301076,1909f56bfc062723c751e8b465ee728b)  -> (artifact id: '1e72e5242d12c2192e9d24b077fdbb6a') in 0.018153 seconds 
========================================================================
Received Prepare
Registering precompiled user dll's ...
Registered in 0.009496 seconds.
Begin MonoManager ReloadAssembly
Native extension for WindowsStandalone target not found
Refreshing native plugins compatible for Editor in 0.85 ms, found 0 plugins.
Preloading 0 native plugins for Editor in 0.00 ms.
Mono: successfully reloaded assembly
- Completed reload, in  1.576 seconds
Platform modules already initialized, skipping
Refreshing native plugins compatible for Editor in 0.75 ms, found 0 plugins.
Preloading 0 native plugins for Editor in 0.00 ms.
Unloading 1785 Unused Serialized files (Serialized files now loaded: 0)
System memory in use before: 81.6 MB.
System memory in use after: 81.7 MB.

Unloading 37 unused Assets to reduce memory usage. Loaded Objects now: 2331.
Total: 8.267000 ms (FindLiveObjects: 0.441300 ms CreateObjectMapping: 0.087200 ms MarkObjects: 7.705500 ms  DeleteObjects: 0.030900 ms)

========================================================================
Received Import Request.
  Time since last request: 748.735825 seconds.
  path: Assets/MuteToggle.cs
  artifactKey: Guid(910b4bd27112b7c49a51861422fff66a) Importer(815301076,1909f56bfc062723c751e8b465ee728b)
Start importing Assets/MuteToggle.cs using Guid(910b4bd27112b7c49a51861422fff66a) Importer(815301076,1909f56bfc062723c751e8b465ee728b)  -> (artifact id: 'ffa17cbce90c07a876525554ee3f86f5') in 0.036214 seconds 
========================================================================
Received Prepare
Registering precompiled user dll's ...
Registered in 0.007903 seconds.
Begin MonoManager ReloadAssembly
Native extension for WindowsStandalone target not found
Refreshing native plugins compatible for Editor in 0.88 ms, found 0 plugins.
Preloading 0 native plugins for Editor in 0.00 ms.
Mono: successfully reloaded assembly
- Completed reload, in  1.617 seconds
Platform modules already initialized, skipping
Refreshing native plugins compatible for Editor in 0.87 ms, found 0 plugins.
Preloading 0 native plugins for Editor in 0.00 ms.
Unloading 1784 Unused Serialized files (Serialized files now loaded: 0)
System memory in use before: 81.6 MB.
System memory in use after: 81.7 MB.

Unloading 38 unused Assets to reduce memory usage. Loaded Objects now: 2333.
Total: 8.073200 ms (FindLiveObjects: 0.339900 ms CreateObjectMapping: 0.092200 ms MarkObjects: 7.590800 ms  DeleteObjects: 0.043000 ms)

========================================================================
Received Prepare
Registering precompiled user dll's ...
Registered in 0.008958 seconds.
Begin MonoManager ReloadAssembly
Native extension for WindowsStandalone target not found
Refreshing native plugins compatible for Editor in 0.85 ms, found 0 plugins.
Preloading 0 native plugins for Editor in 0.00 ms.
Mono: successfully reloaded assembly
- Completed reload, in  1.525 seconds
Platform modules already initialized, skipping
Refreshing native plugins compatible for Editor in 0.86 ms, found 0 plugins.
Preloading 0 native plugins for Editor in 0.00 ms.
Unloading 1784 Unused Serialized files (Serialized files now loaded: 0)
System memory in use before: 81.6 MB.
System memory in use after: 81.7 MB.

Unloading 37 unused Assets to reduce memory usage. Loaded Objects now: 2336.
Total: 9.017900 ms (FindLiveObjects: 0.364100 ms CreateObjectMapping: 0.086500 ms MarkObjects: 8.519600 ms  DeleteObjects: 0.045800 ms)

========================================================================
Received Import Request.
  Time since last request: 66.335891 seconds.
  path: Assets/1Intro.unity
  artifactKey: Guid(5390a8ae3d74591408abbcc8ae4d0af4) Importer(815301076,1909f56bfc062723c751e8b465ee728b)
Start importing Assets/1Intro.unity using Guid(5390a8ae3d74591408abbcc8ae4d0af4) Importer(815301076,1909f56bfc062723c751e8b465ee728b)  -> (artifact id: '750603ac45ddb47d196e6a068eb23ee7') in 0.036970 seconds 
========================================================================
Received Prepare
Registering precompiled user dll's ...
Registered in 0.007658 seconds.
Begin MonoManager ReloadAssembly
Native extension for WindowsStandalone target not found
Refreshing native plugins compatible for Editor in 0.86 ms, found 0 plugins.
Preloading 0 native plugins for Editor in 0.00 ms.
Mono: successfully reloaded assembly
- Completed reload, in  1.503 seconds
Platform modules already initialized, skipping
Refreshing native plugins compatible for Editor in 0.83 ms, found 0 plugins.
Preloading 0 native plugins for Editor in 0.00 ms.
Unloading 1784 Unused Serialized files (Serialized files now loaded: 0)
System memory in use before: 81.6 MB.
System memory in use after: 81.7 MB.

Unloading 37 unused Assets to reduce memory usage. Loaded Objects now: 2339.
Total: 7.915000 ms (FindLiveObjects: 0.288300 ms CreateObjectMapping: 0.087600 ms MarkObjects: 7.509500 ms  DeleteObjects: 0.027700 ms)

AssetImportWorkerClient::OnTransportError - code=2 error=End of file
